<?xml version="1.0" encoding="UTF-8"?>

<beans xmlns="http://www.springframework.org/schema/beans"
	xmlns:xsi="http://www.w3.org/2001/XMLSchema-instance" xmlns:context="http://www.springframework.org/schema/context"
	xmlns:jdbc="http://www.springframework.org/schema/jdbc" xmlns:tx="http://www.springframework.org/schema/tx"
	xsi:schemaLocation="http://www.springframework.org/schema/beans http://www.springframework.org/schema/beans/spring-beans-3.0.xsd
	http://www.springframework.org/schema/context http://www.springframework.org/schema/context/spring-context-3.0.xsd
	http://www.springframework.org/schema/tx http://www.springframework.org/schema/tx/spring-tx-3.0.xsd
    http://www.springframework.org/schema/jdbc http://www.springframework.org/schema/jdbc/spring-jdbc-3.0.xsd">

	<context:component-scan base-package="com.digitali.business" />

	<!-- Import Dao beans -->
	<import resource="test-daoContext.xml" />

	<bean id="userManager" class="com.digitali.business.user.UserManager">
	</bean>

	<bean id="photoManager" class="com.digitali.business.photo.PhotoManager">
	</bean>

	<bean id="photoUtil" class="com.digitali.util.PhotoUtil">
	</bean>

	<bean id="propertyConfigurer"
		class="org.springframework.beans.factory.config.PropertyPlaceholderConfigurer">
		<property name="location" value="test-ApplicationResources.properties" />
	</bean>

	<context:property-placeholder
		location="classpath:test-ApplicationResources.properties" />

</beans>